── Settings ────────────────────────────────────────────────────────────────────
- future.tests version      : 0.0.0.9000
- R_FUTURE_TESTS_ROOT       : 
- Option 'future.tests.root': NULL
- Default test set folder   : /home/hb/R/x86_64-pc-linux-gnu-library/3.6/future.tests/test-db
- Max number of workers     : 2

── Running 41 test sets with plan(future.callr::callr) ─────────────────────────
ℹ Backend package: future.callr 0.5.0.9000
✔ future() - conditions (1 test) (359ms)
✔ %<-% - conditions (1 test) (282ms)
✔ Argument '...' (1 test) (774ms)
✔ Argument '...' from parent function (1 test) (768ms)
✔ Argument '...' - non existing (1 test) (783ms)
✔ Argument '...' - exception (1 test) (4ms)
✔ Early signaling of errors (4 tests) (1.1s)
✔ Early signaling of warnings (4 tests) (1.1s)
✔ Early signaling of messages (4 tests) (1.1s)
✔ %<-% - local evaluation (2 tests) (559ms)
✔ %<-% - local evaluation & global variable (2 tests) (1.6s)
✔ %<-% - errors (2 tests) (562ms)
✔ %<-% - errors and listenv (2 tests) (4.1s)
✔ %<-% & %->% (2 tests) (1.1s)
✔ %<-% - nested (1 test) (1.1s)
✔ futureAssign() - lazy evaluation (2 tests) (557ms)
✔ futureAssign() - potential task name clashes (1 test) (311ms)
✔ futureAssign() - global variables with and without lazy evaluation (2 tests) (3.2s)
✔ futureAssign() - lazy evaluation via disposable option (2 tests) (1.6s)
✔ futureCall() (4 tests) (3.2s)
✔ futureCall() - globals = list(a = 3) (2 tests) (1.6s)
✔ futureCall() - globals = "a" (2 tests) (1.5s)
✔ resolved() on lazy futures (1 test) (318ms)
✔ demo("mandelbrot", package = "future") (2 tests) (2.1s)
✔ nbrOfWorkers() (1 test) (1ms)
✔ plan() (1 test) (1ms)
✔ plan() - workers=<numeric> (1 test) (551ms)
✔ plan() - workers=<function> (1 test) (1.6s)
✔ plan() - workers=<invalid> (1 test) (2ms)
✔ resolve() (8 tests) (7.5s)
✔ resolve() - run-time exception (8 tests) (3.5s)
✔ resolve(<list of futures and values>) (2 tests) (1.3s)
✔ resolve(<list of futures>) (2 tests) (1.5s)
✔ resolve(<named matrix list of futures and values>) - time ordering (1 test) (1.3s)
✖ resolved() - assert non-blocking while launching lazy futures (1 test) (2.2s)
  ✖ lazy=FALSE, globals=TRUE, stdout=TRUE
✔ Random Number Generation (RNG) - seeds (1 test) (1.3s)
✔ Random Number Generation (RNG) - future (2 tests) (6.9s)
✔ Random Number Generation (RNG) - %<-% (2 tests) (7.2s)
✔ future() - standard output (2 tests) (774ms)
✔ %<-% - standard output (2 tests) (760ms)
✔ value() - visibility (1 test) (557ms)

Number of tests: 84

Duration: 1m 7.3s

Results: 1 error ✖ | 0 timeouts ✔

