── Settings ────────────────────────────────────────────────────────────────────
- future.tests version      : 0.0.0.9000
- R_FUTURE_TESTS_ROOT       : 
- Option 'future.tests.root': NULL
- Default test set folder   : /home/hb/R/x86_64-pc-linux-gnu-library/3.6-custom/future.tests/test-db
- Max number of workers     : 2

── Running 40 test sets with plan(future::sequential) ──────────────────────────
ℹ Backend package: future 1.15.0.9000
✔ future() - conditions (1 test) (32ms)
✔ %<-% - conditions (1 test) (8ms)
✔ Argument '...' (1 test) (8ms)
✔ Argument '...' from parent function (1 test) (7ms)
✔ Argument '...' - non existing (1 test) (6ms)
✔ Argument '...' - exception (1 test) (3ms)
✔ Early signaling of errors (4 tests) (16ms)
✔ Early signaling of warnings (4 tests) (18ms)
✔ Early signaling of messages (4 tests) (20ms)
✔ %<-% - local evaluation (2 tests) (8ms)
✔ %<-% - local evaluation & global variable (2 tests) (9ms)
✔ %<-% - errors (2 tests) (11ms)
✔ %<-% - errors and listenv (2 tests) (34ms)
✔ %<-% & %->% (2 tests) (14ms)
✔ %<-% - nested (1 test) (19ms)
✔ futureAssign() - lazy evaluation (2 tests) (8ms)
✔ futureAssign() - potential task name clashes (1 test) (9ms)
✔ futureAssign() - global variables with and without lazy evaluation (2 tests) (18ms)
✔ futureAssign() - lazy evaluation via disposable option (2 tests) (10ms)
✔ futureCall() (4 tests) (78ms)
✔ futureCall() - globals = list(a = 3) (2 tests) (12ms)
✔ futureCall() - globals = "a" (2 tests) (7ms)
✔ resolved() on lazy futures (1 test) (3ms)
✔ demo("mandelbrot", package = "future") (2 tests) (134ms)
✔ nbrOfWorkers() (1 test) (1ms)
✔ plan() (1 test) (1ms)
✔ plan() - workers=<numeric> (1 test) (1ms)
✔ plan() - workers=<function> (1 test) (1ms)
✔ plan() - workers=<invalid> (1 test) (1ms)
✔ resolve() (8 tests) (4.1s)
✔ resolve() - run-time exception (8 tests) (40ms)
✔ resolve(<list of futures and values>) (2 tests) (12ms)
✔ resolve(<list of futures>) (2 tests) (12ms)
✔ resolve(<named matrix list of futures and values>) - time ordering (1 test) (513ms)
✔ Random Number Generation (RNG) - seeds (1 test) (5ms)
✔ Random Number Generation (RNG) - future (2 tests) (83ms)
✔ Random Number Generation (RNG) - %<-% (2 tests) (71ms)
✔ future() - standard output (2 tests) (27ms)
✔ %<-% - standard output (2 tests) (17ms)
✔ value() - visibility (1 test) (7ms)

Number of tests: 83

Duration: 5.9s

Results: 0 errors ✔ | 0 timeouts ✔

