── Settings ────────────────────────────────────────────────────────────────────
- future.tests version      : 0.2.1.9000
- R_FUTURE_TESTS_ROOT       : 
- Option 'future.tests.root': NULL
- Default test set folder   : /home/hb/R/x86_64-pc-linux-gnu-library/4.0-custom/future.tests/test-db
- Max number of workers     : 2
- Timeout                   : N/A

── Running 41 test sets with plan(future::multisession) ────────────────────────
ℹ Backend package: future 1.16.0.9000
✔ future() - conditions (1 test) (125ms)
✔ %<-% - conditions (1 test) (2.2s)
✔ Argument '...' (1 test) (2.2s)
✔ Argument '...' from parent function (1 test) (2.3s)
✔ Argument '...' - non existing (1 test) (2.3s)
✔ Argument '...' - exception (1 test) (2.1s)
✔ Early signaling of errors (4 tests) (8.9s)
✔ Early signaling of warnings (4 tests) (8.9s)
✔ Early signaling of messages (4 tests) (8.9s)
✔ %<-% - local evaluation (2 tests) (4.7s)
✔ %<-% - local evaluation & global variable (2 tests) (4.6s)
✔ %<-% - errors (2 tests) (4.6s)
✔ %<-% - errors and listenv (2 tests) (5s)
✔ %<-% & %->% (2 tests) (4.6s)
✔ %<-% - nested (1 test) (2.5s)
✔ futureAssign() - lazy evaluation (2 tests) (4.4s)
✔ futureAssign() - potential task name clashes (1 test) (2.3s)
✔ futureAssign() - global variables with and without lazy evaluation (2 tests) (4.7s)
✔ futureAssign() - lazy evaluation via disposable option (2 tests) (4.5s)
✔ futureCall() (4 tests) (12.8s)
✔ futureCall() - globals = list(a = 3) (2 tests) (6.2s)
✔ futureCall() - globals = "a" (2 tests) (6.3s)
✔ resolved() on lazy futures (1 test) (2.2s)
✔ demo("mandelbrot", package = "future") (2 tests) (5.5s)
✔ nbrOfWorkers() (1 test) (2ms)
✔ plan() (1 test) (2ms)
✔ plan() - workers=<numeric> (1 test) (2.1s)
✔ plan() - workers=<function> (1 test) (3.1s)
✔ plan() - workers=<invalid> (1 test) (3ms)
✔ resolve() (8 tests) (21.9s)
✔ resolve() - run-time exception (8 tests) (18.1s)
✔ resolve(<list of futures and values>) (2 tests) (4.5s)
✔ resolve(<list of futures>) (2 tests) (4.5s)
✔ resolve(<named matrix list of futures and values>) - time ordering (1 test) (2.8s)
✔ resolved() - assert non-blocking while launching lazy futures (1 test) (6.7s)
✔ Random Number Generation (RNG) - seeds (1 test) (2.2s)
✔ Random Number Generation (RNG) - future (2 tests) (5s)
✔ Random Number Generation (RNG) - %<-% (2 tests) (5.1s)
✔ future() - standard output (2 tests) (4.6s)
✔ %<-% - standard output (2 tests) (4.5s)
✔ value() - visibility (1 test) (2.2s)

Number of tests: 84

Duration: 3m 22.1s

Results: 0 errors ✔ | 0 timeouts ✔

