── Settings ────────────────────────────────────────────────────────────────────
- future.tests version      : 0.2.1.9000
- R_FUTURE_TESTS_ROOT       : 
- Option 'future.tests.root': NULL
- Default test set folder   : /home/hb/R/x86_64-pc-linux-gnu-library/4.0-custom/future.tests/test-db
- Max number of workers     : 2
- Timeout                   : N/A

── Running 41 test sets with plan(future.BatchJobs::batchjobs_local) ───────────
ℹ Backend package: future.BatchJobs 0.16.2
✔ future() - conditions (1 test) (1.4s)
✔ %<-% - conditions (1 test) (1.1s)
✔ Argument '...' (1 test) (1.2s)
✔ Argument '...' from parent function (1 test) (1s)
✔ Argument '...' - non existing (1 test) (1000ms)
✔ Argument '...' - exception (1 test) (4ms)
✔ Early signaling of errors (4 tests) (4s)
✔ Early signaling of warnings (4 tests) (4.3s)
✔ Early signaling of messages (4 tests) (4.5s)
✔ %<-% - local evaluation (2 tests) (2.3s)
✔ %<-% - local evaluation & global variable (2 tests) (2.2s)
✔ %<-% - errors (2 tests) (2.1s)
✔ %<-% - errors and listenv (2 tests) (6.1s)
✔ %<-% & %->% (2 tests) (4.4s)
✔ %<-% - nested (1 test) (2.2s)
✔ futureAssign() - lazy evaluation (2 tests) (2.4s)
✔ futureAssign() - potential task name clashes (1 test) (2.3s)
✔ futureAssign() - global variables with and without lazy evaluation (2 tests) (4.5s)
✔ futureAssign() - lazy evaluation via disposable option (2 tests) (2.1s)
✔ futureCall() (4 tests) (6.9s)
✔ futureCall() - globals = list(a = 3) (2 tests) (3.4s)
✔ futureCall() - globals = "a" (2 tests) (3.3s)
✔ resolved() on lazy futures (1 test) (1.1s)
✔ demo("mandelbrot", package = "future") (2 tests) (8.4s)
✔ nbrOfWorkers() (1 test) (1ms)
✔ plan() (1 test) (1ms)
✔ plan() - workers=<numeric> (1 test) (1ms)
✔ plan() - workers=<function> (1 test) (1ms)
✔ plan() - workers=<invalid> (1 test) (1ms)
✔ resolve() (8 tests) (12.2s)
✔ resolve() - run-time exception (8 tests) (8.9s)
✔ resolve(<list of futures and values>) (2 tests) (4.2s)
✔ resolve(<list of futures>) (2 tests) (4.2s)
✔ resolve(<named matrix list of futures and values>) - time ordering (1 test) (2.7s)
✔ resolved() - assert non-blocking while launching lazy futures (1 test) (5.1s)
✔ Random Number Generation (RNG) - seeds (1 test) (1s)
✔ Random Number Generation (RNG) - future (2 tests) (13s)
✔ Random Number Generation (RNG) - %<-% (2 tests) (13s)
✔ future() - standard output (2 tests) (2.4s)
✔ %<-% - standard output (2 tests) (2.2s)
✔ value() - visibility (1 test) (2.2s)

Number of tests: 84

Duration: 2m 24.7s

Results: 0 errors ✔ | 0 timeouts ✔

